<?xml version="1.0" encoding="UTF-8"?>
<!-- Generated by org.testng.reporters.JUnitXMLReporter -->
<testsuite ignored="0" hostname="LTIN487042" failures="0" tests="3" name="ChromeTest" time="209.763" errors="0" timestamp="2024-03-27T15:51:49 IST">
  <testcase classname="testCases.TestCase_001_TimeSheetValidation" name="userVerification" time="49.41"/>
  <testcase classname="testCases.TestCase_001_TimeSheetValidation" name="oneCognizantFunctions" time="15.174"/>
  <testcase classname="testCases.TestCase_001_TimeSheetValidation" name="timeSheetNavigation" time="94.933"/>
</testsuite> <!-- ChromeTest -->
