<?xml version="1.0" encoding="UTF-8"?>
<!-- Generated by org.testng.reporters.JUnitXMLReporter -->
<testsuite ignored="0" hostname="LTIN487042" failures="0" tests="3" name="EdgeTest" time="211.504" errors="0" timestamp="2024-03-27T15:55:21 IST">
  <testcase classname="testCases.TestCase_001_TimeSheetValidation" name="userVerification" time="48.257"/>
  <testcase classname="testCases.TestCase_001_TimeSheetValidation" name="oneCognizantFunctions" time="16.524"/>
  <testcase classname="testCases.TestCase_001_TimeSheetValidation" name="timeSheetNavigation" time="94.2"/>
</testsuite> <!-- EdgeTest -->
