<?xml version="1.0" encoding="UTF-8"?>
<testng-results ignored="0" total="6" passed="6" failed="0" skipped="0">
  <reporter-output>
  </reporter-output>
  <suite started-at="2024-03-27T15:48:18 IST" name="Suite" finished-at="2024-03-27T15:55:20 IST" duration-ms="422805">
    <groups>
    </groups>
    <test started-at="2024-03-27T15:48:18 IST" name="ChromeTest" finished-at="2024-03-27T15:51:47 IST" duration-ms="209763">
      <class name="testCases.TestCase_001_TimeSheetValidation">
        <test-method is-config="true" signature="setUpBrowser(java.lang.String)[pri:0, instance:testCases.TestCase_001_TimeSheetValidation@28261e8e]" started-at="2024-03-27T15:48:18 IST" name="setUpBrowser" finished-at="2024-03-27T15:48:57 IST" duration-ms="38649" status="PASS">
          <params>
            <param index="0">
              <value>
                <![CDATA[Chrome]]>
              </value>
            </param>
          </params>
          <reporter-output>
          </reporter-output>
        </test-method> <!-- setUpBrowser -->
        <test-method signature="userVerification()[pri:1, instance:testCases.TestCase_001_TimeSheetValidation@28261e8e]" started-at="2024-03-27T15:48:57 IST" name="userVerification" finished-at="2024-03-27T15:49:46 IST" duration-ms="49410" status="PASS">
          <reporter-output>
          </reporter-output>
        </test-method> <!-- userVerification -->
        <test-method signature="oneCognizantFunctions(java.lang.String,java.lang.String)[pri:2, instance:testCases.TestCase_001_TimeSheetValidation@28261e8e]" started-at="2024-03-27T15:49:46 IST" name="oneCognizantFunctions" finished-at="2024-03-27T15:50:01 IST" duration-ms="15174" status="PASS">
          <params>
            <param index="0">
              <value>
                <![CDATA[Timesheet]]>
              </value>
            </param>
            <param index="1">
              <value>
                <![CDATA[Chrome]]>
              </value>
            </param>
          </params>
          <reporter-output>
          </reporter-output>
        </test-method> <!-- oneCognizantFunctions -->
        <test-method signature="timeSheetNavigation()[pri:3, instance:testCases.TestCase_001_TimeSheetValidation@28261e8e]" started-at="2024-03-27T15:50:01 IST" name="timeSheetNavigation" finished-at="2024-03-27T15:51:36 IST" duration-ms="94933" status="PASS">
          <reporter-output>
          </reporter-output>
        </test-method> <!-- timeSheetNavigation -->
        <test-method is-config="true" signature="tearDown()[pri:0, instance:testCases.TestCase_001_TimeSheetValidation@28261e8e]" started-at="2024-03-27T15:51:36 IST" name="tearDown" finished-at="2024-03-27T15:51:47 IST" duration-ms="11144" status="PASS">
          <reporter-output>
          </reporter-output>
        </test-method> <!-- tearDown -->
      </class> <!-- testCases.TestCase_001_TimeSheetValidation -->
    </test> <!-- ChromeTest -->
    <test started-at="2024-03-27T15:51:49 IST" name="EdgeTest" finished-at="2024-03-27T15:55:20 IST" duration-ms="211504">
      <class name="testCases.TestCase_001_TimeSheetValidation">
        <test-method is-config="true" signature="setUpBrowser(java.lang.String)[pri:0, instance:testCases.TestCase_001_TimeSheetValidation@2b30a42c]" started-at="2024-03-27T15:51:49 IST" name="setUpBrowser" finished-at="2024-03-27T15:52:30 IST" duration-ms="41303" status="PASS">
          <params>
            <param index="0">
              <value>
                <![CDATA[Edge]]>
              </value>
            </param>
          </params>
          <reporter-output>
          </reporter-output>
        </test-method> <!-- setUpBrowser -->
        <test-method signature="userVerification()[pri:1, instance:testCases.TestCase_001_TimeSheetValidation@2b30a42c]" started-at="2024-03-27T15:52:30 IST" name="userVerification" finished-at="2024-03-27T15:53:18 IST" duration-ms="48257" status="PASS">
          <reporter-output>
          </reporter-output>
        </test-method> <!-- userVerification -->
        <test-method signature="oneCognizantFunctions(java.lang.String,java.lang.String)[pri:2, instance:testCases.TestCase_001_TimeSheetValidation@2b30a42c]" started-at="2024-03-27T15:53:18 IST" name="oneCognizantFunctions" finished-at="2024-03-27T15:53:35 IST" duration-ms="16524" status="PASS">
          <params>
            <param index="0">
              <value>
                <![CDATA[Timesheet]]>
              </value>
            </param>
            <param index="1">
              <value>
                <![CDATA[Edge]]>
              </value>
            </param>
          </params>
          <reporter-output>
          </reporter-output>
        </test-method> <!-- oneCognizantFunctions -->
        <test-method signature="timeSheetNavigation()[pri:3, instance:testCases.TestCase_001_TimeSheetValidation@2b30a42c]" started-at="2024-03-27T15:53:35 IST" name="timeSheetNavigation" finished-at="2024-03-27T15:55:09 IST" duration-ms="94200" status="PASS">
          <reporter-output>
          </reporter-output>
        </test-method> <!-- timeSheetNavigation -->
        <test-method is-config="true" signature="tearDown()[pri:0, instance:testCases.TestCase_001_TimeSheetValidation@2b30a42c]" started-at="2024-03-27T15:55:09 IST" name="tearDown" finished-at="2024-03-27T15:55:20 IST" duration-ms="11214" status="PASS">
          <reporter-output>
          </reporter-output>
        </test-method> <!-- tearDown -->
      </class> <!-- testCases.TestCase_001_TimeSheetValidation -->
    </test> <!-- EdgeTest -->
  </suite> <!-- Suite -->
</testng-results>
